#
# A fatal error has been detected by the Java Runtime Environment:
#
#  Internal Error (javaClasses.cpp:136), pid=8760, tid=1140
#  fatal error: Invalid layout of preloaded class
#
# JRE version:  (7.0_51-b13) (build )
# Java VM: Java HotSpot(TM) 64-Bit Server VM (24.51-b03 mixed mode windows-amd64 compressed oops)
# Failed to write core dump. Minidumps are not enabled by default on client versions of Windows
#
# If you would like to submit a bug report, please visit:
#   http://bugreport.sun.com/bugreport/crash.jsp
#

---------------  T H R E A D  ---------------

Current thread (0x0000000002ce0800):  JavaThread "Unknown thread" [_thread_in_vm, id=1140, stack(0x0000000002be0000,0x0000000002ce0000)]

Stack: [0x0000000002be0000,0x0000000002ce0000]

---------------  P R O C E S S  ---------------

Java Threads: ( => current thread )

Other Threads:

=>0x0000000002ce0800 (exited) JavaThread "Unknown thread" [_thread_in_vm, id=1140, stack(0x0000000002be0000,0x0000000002ce0000)]

VM state:not at safepoint (not fully initialized)

VM Mutex/Monitor currently owned by a thread: None

GC Heap History (0 events):
No events

Deoptimization events (0 events):
No events

Internal exceptions (0 events):
No events

Events (10 events):
Event: 0.018 loading class 0x0000000002d24380 done
Event: 0.018 loading class 0x0000000002d23da0 done
Event: 0.018 loading class 0x0000000002d23d80
Event: 0.018 loading class 0x0000000002d2be50
Event: 0.018 loading class 0x0000000002d2be50 done
Event: 0.018 loading class 0x0000000002d2be80
Event: 0.018 loading class 0x0000000002d2be80 done
Event: 0.018 loading class 0x0000000002d2beb0
Event: 0.018 loading class 0x0000000002d2beb0 done
Event: 0.018 loading class 0x0000000002d23d80 done


Dynamic libraries:
0x00007ff6dc950000 - 0x00007ff6dc983000 	C:\Program Files\Java\jdk1.7.0_51\jre\bin\javaw.exe
0x00007ffa1ebf0000 - 0x00007ffa1ed9a000 	C:\Windows\SYSTEM32\ntdll.dll
0x00007ffa1c470000 - 0x00007ffa1c5aa000 	C:\Windows\system32\KERNEL32.DLL
0x00007ffa1c310000 - 0x00007ffa1c41f000 	C:\Windows\system32\KERNELBASE.dll
0x00007ffa1ab30000 - 0x00007ffa1abb8000 	C:\Windows\system32\apphelp.dll
0x00007ffa0bc20000 - 0x00007ffa0bc6f000 	C:\Windows\AppPatch\AppPatch64\AcGenral.DLL
0x00007ffa1d100000 - 0x00007ffa1d1a7000 	C:\Windows\system32\msvcrt.dll
0x00007ffa1bd00000 - 0x00007ffa1bd2b000 	C:\Windows\SYSTEM32\SspiCli.dll
0x00007ffa1cad0000 - 0x00007ffa1cb21000 	C:\Windows\system32\SHLWAPI.dll
0x00007ffa1c7d0000 - 0x00007ffa1c941000 	C:\Windows\system32\USER32.dll
0x00007ffa1c950000 - 0x00007ffa1cac8000 	C:\Windows\system32\ole32.dll
0x00007ffa1d530000 - 0x00007ffa1e950000 	C:\Windows\system32\SHELL32.dll
0x00007ffa1b5c0000 - 0x00007ffa1b5de000 	C:\Windows\SYSTEM32\USERENV.dll
0x00007ffa1c720000 - 0x00007ffa1c7c5000 	C:\Windows\system32\ADVAPI32.dll
0x00007ffa0b0a0000 - 0x00007ffa0b0bb000 	C:\Windows\SYSTEM32\MPR.dll
0x00007ffa1d1b0000 - 0x00007ffa1d2e6000 	C:\Windows\system32\RPCRT4.dll
0x00007ffa1ce30000 - 0x00007ffa1ce87000 	C:\Windows\SYSTEM32\sechost.dll
0x00007ffa1d350000 - 0x00007ffa1d526000 	C:\Windows\SYSTEM32\combase.dll
0x00007ffa1ce90000 - 0x00007ffa1cfd4000 	C:\Windows\system32\GDI32.dll
0x00007ffa1bf60000 - 0x00007ffa1bf74000 	C:\Windows\SYSTEM32\profapi.dll
0x00007ffa1aa90000 - 0x00007ffa1ab2f000 	C:\Windows\SYSTEM32\SHCORE.dll
0x00007ffa1ebb0000 - 0x00007ffa1ebe4000 	C:\Windows\system32\IMM32.DLL
0x00007ffa1c5c0000 - 0x00007ffa1c6f9000 	C:\Windows\system32\MSCTF.dll
0x00007ffa1bf10000 - 0x00007ffa1bf42000 	C:\Windows\system32\nvinitx.dll
0x000000000f000000 - 0x000000000f006000 	C:\Program Files\NVIDIA Corporation\CoProcManager\_etoured.dll
0x00007ffa19760000 - 0x00007ffa19793000 	C:\Program Files\NVIDIA Corporation\CoProcManager\nvd3d9wrapx.dll
0x00007ffa1cbf0000 - 0x00007ffa1cdc4000 	C:\Windows\system32\SETUPAPI.dll
0x00007ffa1c420000 - 0x00007ffa1c46a000 	C:\Windows\system32\CFGMGR32.dll
0x00007ffa19730000 - 0x00007ffa19753000 	C:\Program Files\NVIDIA Corporation\CoProcManager\nvdxgiwrapx.dll
0x00007ffa1a120000 - 0x00007ffa1a37a000 	C:\Windows\WinSxS\amd64_microsoft.windows.common-controls_6595b64144ccf1df_6.0.9600.17031_none_6242a4b3ecbb55a1\COMCTL32.dll
0x0000000063960000 - 0x0000000063a32000 	C:\Program Files\Java\jdk1.7.0_51\jre\bin\msvcr100.dll
0x0000000063190000 - 0x0000000063959000 	C:\Program Files\Java\jdk1.7.0_51\jre\bin\server\jvm.dll
0x00007ffa12580000 - 0x00007ffa12589000 	C:\Windows\SYSTEM32\WSOCK32.dll
0x00007ffa19a40000 - 0x00007ffa19a5f000 	C:\Windows\SYSTEM32\WINMM.dll
0x00007ffa1eba0000 - 0x00007ffa1eba7000 	C:\Windows\system32\PSAPI.DLL
0x00007ffa1cdd0000 - 0x00007ffa1ce28000 	C:\Windows\system32\WS2_32.dll
0x00007ffa199c0000 - 0x00007ffa199ea000 	C:\Windows\SYSTEM32\WINMMBASE.dll
0x00007ffa1c5b0000 - 0x00007ffa1c5b9000 	C:\Windows\system32\NSI.dll
0x00007ffa1ada0000 - 0x00007ffa1adc6000 	C:\Windows\SYSTEM32\DEVOBJ.dll
0x0000000065ea0000 - 0x0000000065eaf000 	C:\Program Files\Java\jdk1.7.0_51\jre\bin\verify.dll
0x0000000063160000 - 0x0000000063188000 	C:\Program Files\Java\jdk1.7.0_51\jre\bin\java.dll
0x0000000063140000 - 0x0000000063155000 	C:\Program Files\Java\jdk1.7.0_51\jre\bin\zip.dll

VM Arguments:
jvm_args: -Dfile.encoding=GBK -Xbootclasspath:C:\Softwares\IDE\Android\sdk\platforms\android-14\android.jar 
java_command: com.houseWang.mobileTSS.test.Test
Launcher Type: SUN_STANDARD

Environment Variables:
PATH=D:\oracle\product\11.2.0\dbhome_1\bin;C:\Program Files (x86)\NVIDIA Corporation\PhysX\Common;C:\Windows\system32;C:\Windows;C:\Windows\System32\Wbem;C:\Windows\System32\WindowsPowerShell\v1.0\;C:\Program Files (x86)\Git\cmd;C:\Program Files\TortoiseGit\bin;C:\Program Files\TortoiseSVN\bin;C:\Program Files\Microsoft\Web Platform Installer\;C:\Program Files (x86)\Microsoft ASP.NET\ASP.NET Web Pages\v1.0\;C:\Program Files (x86)\Windows Kits\8.0\Windows Performance Toolkit\;C:\Program Files\Microsoft SQL Server\110\Tools\Binn\;C:\Program Files (x86)\MacType;C:\Program Files (x86)\MySQL\MySQL Utilities 1.4.3\;C:\Program Files (x86)\MySQL\MySQL Utilities 1.4.3\Doctrine extensions for PHP\;C:\MATLAB7\bin\win32;C:\Python27;C:\Program Files\Java\jdk1.7.0_51\bin;;C:\Program Files (x86)\SSH Communications Security\SSH Secure Shell
USERNAME=Xin Wang
OS=Windows_NT
PROCESSOR_IDENTIFIER=Intel64 Family 6 Model 58 Stepping 9, GenuineIntel



---------------  S Y S T E M  ---------------

OS: Windows 8 , 64 bit Build 9200 

CPU:total 4 (2 cores per cpu, 2 threads per core) family 6 model 58 stepping 9, cmov, cx8, fxsr, mmx, sse, sse2, sse3, ssse3, sse4.1, sse4.2, popcnt, avx, aes, erms, ht, tsc, tscinvbit, tscinv

Memory: 4k page, physical 8288616k(1578896k free), swap 13252404k(2335216k free)

vm_info: Java HotSpot(TM) 64-Bit Server VM (24.51-b03) for windows-amd64 JRE (1.7.0_51-b13), built on Dec 18 2013 18:40:56 by "java_re" with unknown MS VC++:1600

time: Thu Jul 17 23:30:53 2014
elapsed time: 0 seconds

